<?xml version="1.0" encoding="UTF-8"?>
<!-- Generated by org.testng.reporters.JUnitXMLReporter -->
<testsuite hostname="Marcuss-MacBook-Air.local" name="Default test" tests="4" failures="0" timestamp="9 Oct 2020 03:22:27 GMT" time="54.458" errors="0">
  <testcase name="doLogin" time="1.732" classname="com.qa.ispeakbetter.tests.HomePageTest"/>
  <testcase name="fillOutProgram" time="19.662" classname="com.qa.ispeakbetter.tests.HomePageTest"/>
  <testcase name="verifyHomePageTitle" time="0.422" classname="com.qa.ispeakbetter.tests.HomePageTest"/>
  <testcase name="verifyUrl" time="0.204" classname="com.qa.ispeakbetter.tests.HomePageTest"/>
</testsuite> <!-- Default test -->
