<?xml version="1.0" encoding="UTF-8"?>
<testng-results skipped="0" failed="0" total="4" passed="4">
  <reporter-output>
  </reporter-output>
  <suite name="Default suite" duration-ms="54458" started-at="2020-10-09T03:21:32Z" finished-at="2020-10-09T03:22:26Z">
    <groups>
    </groups>
    <test name="Default test" duration-ms="54458" started-at="2020-10-09T03:21:32Z" finished-at="2020-10-09T03:22:26Z">
      <class name="com.qa.ispeakbetter.tests.HomePageTest">
        <test-method status="PASS" signature="setUP()[pri:0, instance:com.qa.ispeakbetter.tests.HomePageTest@2b98378d]" name="setUP" is-config="true" duration-ms="8291" started-at="2020-10-08T22:21:32Z" finished-at="2020-10-08T22:21:40Z">
          <reporter-output>
          </reporter-output>
        </test-method> <!-- setUP -->
        <test-method status="PASS" signature="doLogin()[pri:0, instance:com.qa.ispeakbetter.tests.HomePageTest@2b98378d]" name="doLogin" duration-ms="1732" started-at="2020-10-08T22:21:40Z" finished-at="2020-10-08T22:21:42Z">
          <reporter-output>
          </reporter-output>
        </test-method> <!-- doLogin -->
        <test-method status="PASS" signature="setUP()[pri:0, instance:com.qa.ispeakbetter.tests.HomePageTest@2b98378d]" name="setUP" is-config="true" duration-ms="6899" started-at="2020-10-08T22:21:42Z" finished-at="2020-10-08T22:21:49Z">
          <reporter-output>
          </reporter-output>
        </test-method> <!-- setUP -->
        <test-method status="PASS" signature="fillOutProgram()[pri:0, instance:com.qa.ispeakbetter.tests.HomePageTest@2b98378d]" name="fillOutProgram" duration-ms="19662" started-at="2020-10-08T22:21:49Z" finished-at="2020-10-08T22:22:09Z">
          <reporter-output>
          </reporter-output>
        </test-method> <!-- fillOutProgram -->
        <test-method status="PASS" signature="setUP()[pri:0, instance:com.qa.ispeakbetter.tests.HomePageTest@2b98378d]" name="setUP" is-config="true" duration-ms="7270" started-at="2020-10-08T22:22:09Z" finished-at="2020-10-08T22:22:16Z">
          <reporter-output>
          </reporter-output>
        </test-method> <!-- setUP -->
        <test-method status="PASS" signature="verifyHomePageTitle()[pri:1, instance:com.qa.ispeakbetter.tests.HomePageTest@2b98378d]" name="verifyHomePageTitle" duration-ms="422" started-at="2020-10-08T22:22:16Z" description="Gettin Title from IspeakBetter" finished-at="2020-10-08T22:22:16Z">
          <reporter-output>
          </reporter-output>
        </test-method> <!-- verifyHomePageTitle -->
        <test-method status="PASS" signature="setUP()[pri:0, instance:com.qa.ispeakbetter.tests.HomePageTest@2b98378d]" name="setUP" is-config="true" duration-ms="9926" started-at="2020-10-08T22:22:16Z" finished-at="2020-10-08T22:22:26Z">
          <reporter-output>
          </reporter-output>
        </test-method> <!-- setUP -->
        <test-method status="PASS" signature="verifyUrl()[pri:2, instance:com.qa.ispeakbetter.tests.HomePageTest@2b98378d]" name="verifyUrl" duration-ms="204" started-at="2020-10-08T22:22:26Z" description="Gettin Url from IspeakBetter" finished-at="2020-10-08T22:22:26Z">
          <reporter-output>
          </reporter-output>
        </test-method> <!-- verifyUrl -->
      </class> <!-- com.qa.ispeakbetter.tests.HomePageTest -->
    </test> <!-- Default test -->
  </suite> <!-- Default suite -->
</testng-results>
